mode: set
github.com/chi-middleware/proxy/middleware.go:18.94,20.22 2 1
github.com/chi-middleware/proxy/middleware.go:23.2,23.43 1 1
github.com/chi-middleware/proxy/middleware.go:20.22,22.3 1 1
github.com/chi-middleware/proxy/middleware.go:23.43,24.54 1 1
github.com/chi-middleware/proxy/middleware.go:32.3,32.30 1 1
github.com/chi-middleware/proxy/middleware.go:24.54,25.43 1 1
github.com/chi-middleware/proxy/middleware.go:29.4,29.21 1 1
github.com/chi-middleware/proxy/middleware.go:25.43,27.5 1 1
github.com/chi-middleware/proxy/middleware.go:36.71,38.16 2 1
github.com/chi-middleware/proxy/middleware.go:42.2,42.48 1 1
github.com/chi-middleware/proxy/middleware.go:46.2,48.47 2 1
github.com/chi-middleware/proxy/middleware.go:68.2,68.11 1 1
github.com/chi-middleware/proxy/middleware.go:38.16,40.3 1 0
github.com/chi-middleware/proxy/middleware.go:42.48,44.3 1 1
github.com/chi-middleware/proxy/middleware.go:48.47,50.3 1 1
github.com/chi-middleware/proxy/middleware.go:50.8,50.58 1 1
github.com/chi-middleware/proxy/middleware.go:50.58,52.45 2 1
github.com/chi-middleware/proxy/middleware.go:65.3,65.15 1 1
github.com/chi-middleware/proxy/middleware.go:52.45,53.13 1 1
github.com/chi-middleware/proxy/middleware.go:56.4,57.13 2 1
github.com/chi-middleware/proxy/middleware.go:53.13,55.5 1 1
github.com/chi-middleware/proxy/middleware.go:57.13,59.10 2 1
github.com/chi-middleware/proxy/middleware.go:60.10,62.5 1 1
github.com/chi-middleware/proxy/options.go:26.60,32.2 1 1
github.com/chi-middleware/proxy/options.go:35.91,38.2 2 1
github.com/chi-middleware/proxy/options.go:41.85,44.2 2 1
github.com/chi-middleware/proxy/options.go:47.90,49.19 2 1
github.com/chi-middleware/proxy/options.go:53.2,54.13 2 1
github.com/chi-middleware/proxy/options.go:49.19,51.3 1 0
github.com/chi-middleware/proxy/options.go:58.86,61.2 2 1
github.com/chi-middleware/proxy/options.go:64.94,66.34 2 1
github.com/chi-middleware/proxy/options.go:70.2,71.13 2 1
github.com/chi-middleware/proxy/options.go:66.34,68.3 1 0
github.com/chi-middleware/proxy/options.go:74.69,75.15 1 1
github.com/chi-middleware/proxy/options.go:78.2,78.42 1 1
github.com/chi-middleware/proxy/options.go:83.2,83.44 1 1
github.com/chi-middleware/proxy/options.go:88.2,88.14 1 1
github.com/chi-middleware/proxy/options.go:75.15,77.3 1 0
github.com/chi-middleware/proxy/options.go:78.42,79.20 1 1
github.com/chi-middleware/proxy/options.go:79.20,81.4 1 1
github.com/chi-middleware/proxy/options.go:83.44,84.24 1 1
github.com/chi-middleware/proxy/options.go:84.24,86.4 1 1
